#
# A fatal error has been detected by the Java Runtime Environment:
#
#  SIGSEGV (0xb) at pc=0x00007f121fb240ad, pid=9492, tid=9508
#
# JRE version: OpenJDK Runtime Environment (13.0.3+3) (build 13.0.3+3-Ubuntu-1ubuntu2)
# Java VM: OpenJDK 64-Bit Server VM (13.0.3+3-Ubuntu-1ubuntu2, mixed mode, tiered, compressed oops, g1 gc, linux-amd64)
# Problematic frame:
# C  [libjimage.so+0x30ad]
#
# Core dump will be written. Default location: Core dumps may be processed with "/usr/share/apport/apport %p %s %c %d %P %E" (or dumping to /home/janek/git/GUInness/core.9492)
#
# If you would like to submit a bug report, please visit:
#   Unknown
#

---------------  S U M M A R Y ------------

Command Line: -agentlib:jdwp=transport=dt_socket,suspend=y,address=localhost:39613 -javaagent:/home/janek/.eclipse/360744286_linux_gtk_x86_64/configuration/org.eclipse.osgi/222/0/.cp/lib/javaagent-shaded.jar -Dfile.encoding=UTF-8 core.Main

Host: Intel(R) Core(TM) i5-7200U CPU @ 2.50GHz, 4 cores, 7G, Ubuntu 20.04.1 LTS
Time: Sat Aug 15 17:01:35 2020 CEST elapsed time: 5 seconds (0d 0h 0m 5s)

---------------  T H R E A D  ---------------

Current thread (0x00007f12181ca800):  JavaThread "Signal Dispatcher" daemon [_thread_in_vm, id=9508, stack(0x00007f11e6f1e000,0x00007f11e701f000)]

Stack: [0x00007f11e6f1e000,0x00007f11e701f000],  sp=0x00007f11e701c220,  free space=1016k
Native frames: (J=compiled Java code, A=aot compiled Java code, j=interpreted, Vv=VM code, C=native code)
C  [libjimage.so+0x30ad]
C  [libjimage.so+0x3c72]
C  [libjimage.so+0x4181]  JIMAGE_FindResource+0xf1
V  [libjvm.so+0x5b0e96]
V  [libjvm.so+0x5b2dc3]
V  [libjvm.so+0xebd353]
V  [libjvm.so+0xebbe92]
V  [libjvm.so+0xebe92d]
V  [libjvm.so+0x65e34b]
V  [libjvm.so+0x861076]
j  jdk.internal.misc.Signal.dispatch(I)V+25 java.base@13.0.3
v  ~StubRoutines::call_stub
V  [libjvm.so+0x869311]
V  [libjvm.so+0x86835a]
V  [libjvm.so+0xc205ce]
V  [libjvm.so+0xf0407e]
V  [libjvm.so+0xf094cf]
V  [libjvm.so+0xc3178f]

Java frames: (J=compiled Java code, j=interpreted, Vv=VM code)
j  jdk.internal.misc.Signal.dispatch(I)V+25 java.base@13.0.3
v  ~StubRoutines::call_stub

siginfo: si_signo: 11 (SIGSEGV), si_code: 1 (SEGV_MAPERR), si_addr: 0x00007f120f7a87a8

Register to memory mapping:

RAX=0x0000000000003de3 is an unknown value
RBX=0x00007f11e701c2d1 is pointing into the stack for thread: 0x00007f12181ca800
RCX=0x00007f11e701c2f3 is pointing into the stack for thread: 0x00007f12181ca800
RDX=0x0000000000003de3 is an unknown value
RSP=0x00007f11e701c220 is pointing into the stack for thread: 0x00007f12181ca800
RBP=0x00007f11e701c240 is pointing into the stack for thread: 0x00007f12181ca800
RSI=0x0 is NULL
RDI=0x00007f121fb29130: <offset 0x0000000000008130> in /usr/lib/jvm/java-13-openjdk-amd64/lib/libjimage.so at 0x00007f121fb21000
R8 =0x00007f120f79901c is an unknown value
R9 =0x00007f11e701d0e0 is pointing into the stack for thread: 0x00007f12181ca800
R10=0x00007f1221048ff0: <offset 0x0000000001033ff0> in /usr/lib/jvm/java-13-openjdk-amd64/lib/server/libjvm.so at 0x00007f1220015000
R11=0x00007f11e701d448 is pointing into the stack for thread: 0x00007f12181ca800
R12=0x0000000000008452 is an unknown value
R13=0x00007f11e701c2d0 is pointing into the stack for thread: 0x00007f12181ca800
R14=0x0 is NULL
R15=0x00007f12181cb130 points into unknown readable memory: 6a 64 6b 2f 69 6e 74 65


Registers:
RAX=0x0000000000003de3, RBX=0x00007f11e701c2d1, RCX=0x00007f11e701c2f3, RDX=0x0000000000003de3
RSP=0x00007f11e701c220, RBP=0x00007f11e701c240, RSI=0x0000000000000000, RDI=0x00007f121fb29130
R8 =0x00007f120f79901c, R9 =0x00007f11e701d0e0, R10=0x00007f1221048ff0, R11=0x00007f11e701d448
R12=0x0000000000008452, R13=0x00007f11e701c2d0, R14=0x0000000000000000, R15=0x00007f12181cb130
RIP=0x00007f121fb240ad, EFLAGS=0x0000000000010246, CSGSFS=0x002b000000000033, ERR=0x0000000000000004
  TRAPNO=0x000000000000000e

Top of Stack: (sp=0x00007f11e701c220)
0x00007f11e701c220:   0000000000000000 00007f11e701d368
0x00007f11e701c230:   00007f1218026a50 00007f11e701c2d0
0x00007f11e701c240:   00007f11e701c2b0 00007f121fb24c72
0x00007f11e701c250:   0000000000000000 0000000000000000 

Instructions: (pc=0x00007f121fb240ad)
0x00007f121fb23fad:   f3 ff ff 44 03 65 90 e9 3f fe ff ff 0f 1f 80 00
0x00007f121fb23fbd:   00 00 00 41 8b 10 41 89 55 00 41 8b 54 00 fc 41
0x00007f121fb23fcd:   89 54 05 fc e9 82 fc ff ff 66 2e 0f 1f 84 00 00
0x00007f121fb23fdd:   00 00 00 b9 0a 00 00 00 e9 f0 fc ff ff 41 0f b7
0x00007f121fb23fed:   54 00 fe 66 41 89 54 05 fe e9 5d fc ff ff 0f 1f
0x00007f121fb23ffd:   44 00 00 f3 0f 1e fa 0f b6 17 89 f0 89 f1 4c 8d
0x00007f121fb2400d:   47 01 84 d2 74 1c 0f 1f 44 00 00 69 c9 93 01 00
0x00007f121fb2401d:   01 49 83 c0 01 31 d1 41 0f b6 50 ff 84 d2 75 eb
0x00007f121fb2402d:   89 c8 25 ff ff ff 7f c3 90 66 2e 0f 1f 84 00 00
0x00007f121fb2403d:   00 00 00 f3 0f 1e fa 48 85 d2 0f 84 da 00 00 00
0x00007f121fb2404d:   55 48 89 e5 41 55 41 54 41 89 cc 53 48 83 ec 08
0x00007f121fb2405d:   85 c9 0f 84 ba 00 00 00 49 89 f5 48 8d 5e 01 0f
0x00007f121fb2406d:   b6 36 49 89 d0 40 84 f6 0f 84 9d 00 00 00 48 89
0x00007f121fb2407d:   d9 b8 93 01 00 01 0f 1f 44 00 00 69 d0 93 01 00
0x00007f121fb2408d:   01 48 83 c1 01 40 0f b6 c6 0f b6 71 ff 31 d0 40
0x00007f121fb2409d:   84 f6 75 e7 25 ff ff ff 7f 31 d2 41 f7 f4 89 d0
0x00007f121fb240ad:   41 8b 34 80 48 8b 07 ff 50 20 85 c0 7f 15 74 62
0x00007f121fb240bd:   f7 d0 41 89 c0 48 83 c4 08 44 89 c0 5b 41 5c 41
0x00007f121fb240cd:   5d 5d c3 41 0f b6 4d 00 89 c6 84 c9 74 1b 0f 1f
0x00007f121fb240dd:   44 00 00 69 f6 93 01 00 01 48 83 c3 01 31 ce 0f
0x00007f121fb240ed:   b6 4b ff 84 c9 75 ec 89 f0 25 ff ff ff 7f 31 d2
0x00007f121fb240fd:   48 83 c4 08 41 f7 f4 5b 41 5c 41 5d 5d 41 89 d0
0x00007f121fb2410d:   44 89 c0 c3 0f 1f 80 00 00 00 00 b8 93 01 00 01
0x00007f121fb2411d:   eb 87 41 b8 ff ff ff ff eb 9b 41 83 c8 ff 44 89
0x00007f121fb2412d:   c0 c3 90 f3 0f 1e fa eb 1d 66 2e 0f 1f 84 00 00
0x00007f121fb2413d:   00 00 00 0f b6 16 84 d2 74 13 38 c2 75 15 48 83
0x00007f121fb2414d:   c7 01 48 83 c6 01 0f b6 07 84 c0 75 e6 48 89 f8
0x00007f121fb2415d:   c3 66 90 31 c0 c3 90 66 66 2e 0f 1f 84 00 00 00
0x00007f121fb2416d:   00 00 90 f3 0f 1e fa 48 85 f6 74 51 0f b6 06 84
0x00007f121fb2417d:   c0 74 4a 0f b6 d0 83 e0 07 c1 fa 03 44 8d 50 01
0x00007f121fb2418d:   0f b6 c0 41 89 d1 4c 8d 44 06 02 48 8d 56 01 31
0x00007f121fb2419d:   c0 66 90 0f b6 0a 48 c1 e0 08 48 83 c2 01 48 09 


Stack slot to memory mapping:
stack at sp + 0 slots: 0x0 is NULL
stack at sp + 1 slots: 0x00007f11e701d368 is pointing into the stack for thread: 0x00007f12181ca800
stack at sp + 2 slots: 0x00007f1218026a50 points into unknown readable memory: 10 64 00 c4 11 7f 00 00
stack at sp + 3 slots: 0x00007f11e701c2d0 is pointing into the stack for thread: 0x00007f12181ca800
stack at sp + 4 slots: 0x00007f11e701c2b0 is pointing into the stack for thread: 0x00007f12181ca800
stack at sp + 5 slots: 0x00007f121fb24c72: <offset 0x0000000000003c72> in /usr/lib/jvm/java-13-openjdk-amd64/lib/libjimage.so at 0x00007f121fb21000
stack at sp + 6 slots: 0x0 is NULL
stack at sp + 7 slots: 0x0 is NULL


---------------  P R O C E S S  ---------------

Threads class SMR info:
_java_thread_list=0x00007f11bc001b40, length=11, elements={
0x00007f121801a000, 0x00007f12181a5000, 0x00007f12181a8800, 0x00007f12181ca800,
0x00007f12181bf800, 0x00007f12181c1800, 0x00007f12181c3000, 0x00007f1218286000,
0x00007f12182e9800, 0x00007f12182ed000, 0x00007f12183c6000
}

Java Threads: ( => current thread )
  0x00007f121801a000 JavaThread "main" [_thread_blocked, id=9499, stack(0x00007f121fbc9000,0x00007f121fcca000)]
  0x00007f12181a5000 JavaThread "Reference Handler" daemon [_thread_blocked, id=9506, stack(0x00007f11fc000000,0x00007f11fc101000)]
  0x00007f12181a8800 JavaThread "Finalizer" daemon [_thread_blocked, id=9507, stack(0x00007f11e7dfd000,0x00007f11e7efe000)]
=>0x00007f12181ca800 JavaThread "Signal Dispatcher" daemon [_thread_in_vm, id=9508, stack(0x00007f11e6f1e000,0x00007f11e701f000)]
  0x00007f12181bf800 JavaThread "C2 CompilerThread0" daemon [_thread_blocked, id=9509, stack(0x00007f11e6e1d000,0x00007f11e6f1e000)]
  0x00007f12181c1800 JavaThread "C1 CompilerThread0" daemon [_thread_blocked, id=9510, stack(0x00007f11e6d1c000,0x00007f11e6e1d000)]
  0x00007f12181c3000 JavaThread "Sweeper thread" daemon [_thread_blocked, id=9511, stack(0x00007f11e6c1b000,0x00007f11e6d1c000)]
  0x00007f1218286000 JavaThread "Common-Cleaner" daemon [_thread_blocked, id=9513, stack(0x00007f11e6b1a000,0x00007f11e6c1b000)]
  0x00007f12182e9800 JavaThread "JDWP Transport Listener: dt_socket" daemon [_thread_in_native, id=9515, stack(0x00007f11e6a19000,0x00007f11e6b1a000)]
  0x00007f12182ed000 JavaThread "JDWP Event Helper Thread" daemon [_thread_blocked, id=9517, stack(0x00007f11e6918000,0x00007f11e6a19000)]
  0x00007f12183c6000 JavaThread "Service Thread" daemon [_thread_blocked, id=9522, stack(0x00007f11e6716000,0x00007f11e6817000)]

Other Threads:
  0x00007f1218199000 VMThread "VM Thread" [stack: 0x00007f11e7f00000,0x00007f11e8000000] [id=9505]
  0x00007f12183c8000 WatcherThread [stack: 0x00007f11e6616000,0x00007f11e6716000] [id=9523]
  0x00007f121805b000 GCTaskThread "GC Thread#0" [stack: 0x00007f121c9e8000,0x00007f121cae8000] [id=9500]
  0x00007f121806c800 ConcurrentGCThread "G1 Main Marker" [stack: 0x00007f121c8e6000,0x00007f121c9e6000] [id=9501]
  0x00007f121806e800 ConcurrentGCThread "G1 Conc#0" [stack: 0x00007f121c7e4000,0x00007f121c8e4000] [id=9502]
  0x00007f12180e7000 ConcurrentGCThread "G1 Refine#0" [stack: 0x00007f121c2de000,0x00007f121c3de000] [id=9503]
  0x00007f12180e9000 ConcurrentGCThread "G1 Young RemSet Sampling" [stack: 0x00007f121c1dc000,0x00007f121c2dc000] [id=9504]

Threads with active compile tasks:

VM state:not at safepoint (normal execution)

VM Mutex/Monitor currently owned by a thread: None

Heap address: 0x0000000085a00000, size: 1958 MB, Compressed Oops mode: 32-bit
Narrow klass base: 0x0000000000000000, Narrow klass shift: 3
Compressed class space size: 1073741824 Address: 0x0000000100000000

Heap:
 garbage-first heap   total 126976K, used 5120K [0x0000000085a00000, 0x0000000100000000)
  region size 1024K, 6 young (6144K), 0 survivors (0K)
 Metaspace       used 9639K, capacity 9772K, committed 9856K, reserved 1058816K
  class space    used 859K, capacity 892K, committed 896K, reserved 1048576K
Heap Regions: E=young(eden), S=young(survivor), O=old, HS=humongous(starts), HC=humongous(continues), CS=collection set, F=free, A=archive, TAMS=top-at-mark-start (previous, next)
|   0|0x0000000085a00000, 0x0000000085a00000, 0x0000000085b00000|  0%| F|  |TAMS 0x0000000085a00000, 0x0000000085a00000| Untracked 
|   1|0x0000000085b00000, 0x0000000085b00000, 0x0000000085c00000|  0%| F|  |TAMS 0x0000000085b00000, 0x0000000085b00000| Untracked 
|   2|0x0000000085c00000, 0x0000000085c00000, 0x0000000085d00000|  0%| F|  |TAMS 0x0000000085c00000, 0x0000000085c00000| Untracked 
|   3|0x0000000085d00000, 0x0000000085d00000, 0x0000000085e00000|  0%| F|  |TAMS 0x0000000085d00000, 0x0000000085d00000| Untracked 
|   4|0x0000000085e00000, 0x0000000085e00000, 0x0000000085f00000|  0%| F|  |TAMS 0x0000000085e00000, 0x0000000085e00000| Untracked 
|   5|0x0000000085f00000, 0x0000000085f00000, 0x0000000086000000|  0%| F|  |TAMS 0x0000000085f00000, 0x0000000085f00000| Untracked 
|   6|0x0000000086000000, 0x0000000086000000, 0x0000000086100000|  0%| F|  |TAMS 0x0000000086000000, 0x0000000086000000| Untracked 
|   7|0x0000000086100000, 0x0000000086100000, 0x0000000086200000|  0%| F|  |TAMS 0x0000000086100000, 0x0000000086100000| Untracked 
|   8|0x0000000086200000, 0x0000000086200000, 0x0000000086300000|  0%| F|  |TAMS 0x0000000086200000, 0x0000000086200000| Untracked 
|   9|0x0000000086300000, 0x0000000086300000, 0x0000000086400000|  0%| F|  |TAMS 0x0000000086300000, 0x0000000086300000| Untracked 
|  10|0x0000000086400000, 0x0000000086400000, 0x0000000086500000|  0%| F|  |TAMS 0x0000000086400000, 0x0000000086400000| Untracked 
|  11|0x0000000086500000, 0x0000000086500000, 0x0000000086600000|  0%| F|  |TAMS 0x0000000086500000, 0x0000000086500000| Untracked 
|  12|0x0000000086600000, 0x0000000086600000, 0x0000000086700000|  0%| F|  |TAMS 0x0000000086600000, 0x0000000086600000| Untracked 
|  13|0x0000000086700000, 0x0000000086700000, 0x0000000086800000|  0%| F|  |TAMS 0x0000000086700000, 0x0000000086700000| Untracked 
|  14|0x0000000086800000, 0x0000000086800000, 0x0000000086900000|  0%| F|  |TAMS 0x0000000086800000, 0x0000000086800000| Untracked 
|  15|0x0000000086900000, 0x0000000086900000, 0x0000000086a00000|  0%| F|  |TAMS 0x0000000086900000, 0x0000000086900000| Untracked 
|  16|0x0000000086a00000, 0x0000000086a00000, 0x0000000086b00000|  0%| F|  |TAMS 0x0000000086a00000, 0x0000000086a00000| Untracked 
|  17|0x0000000086b00000, 0x0000000086b00000, 0x0000000086c00000|  0%| F|  |TAMS 0x0000000086b00000, 0x0000000086b00000| Untracked 
|  18|0x0000000086c00000, 0x0000000086c00000, 0x0000000086d00000|  0%| F|  |TAMS 0x0000000086c00000, 0x0000000086c00000| Untracked 
|  19|0x0000000086d00000, 0x0000000086d00000, 0x0000000086e00000|  0%| F|  |TAMS 0x0000000086d00000, 0x0000000086d00000| Untracked 
|  20|0x0000000086e00000, 0x0000000086e00000, 0x0000000086f00000|  0%| F|  |TAMS 0x0000000086e00000, 0x0000000086e00000| Untracked 
|  21|0x0000000086f00000, 0x0000000086f00000, 0x0000000087000000|  0%| F|  |TAMS 0x0000000086f00000, 0x0000000086f00000| Untracked 
|  22|0x0000000087000000, 0x0000000087000000, 0x0000000087100000|  0%| F|  |TAMS 0x0000000087000000, 0x0000000087000000| Untracked 
|  23|0x0000000087100000, 0x0000000087100000, 0x0000000087200000|  0%| F|  |TAMS 0x0000000087100000, 0x0000000087100000| Untracked 
|  24|0x0000000087200000, 0x0000000087200000, 0x0000000087300000|  0%| F|  |TAMS 0x0000000087200000, 0x0000000087200000| Untracked 
|  25|0x0000000087300000, 0x0000000087300000, 0x0000000087400000|  0%| F|  |TAMS 0x0000000087300000, 0x0000000087300000| Untracked 
|  26|0x0000000087400000, 0x0000000087400000, 0x0000000087500000|  0%| F|  |TAMS 0x0000000087400000, 0x0000000087400000| Untracked 
|  27|0x0000000087500000, 0x0000000087500000, 0x0000000087600000|  0%| F|  |TAMS 0x0000000087500000, 0x0000000087500000| Untracked 
|  28|0x0000000087600000, 0x0000000087600000, 0x0000000087700000|  0%| F|  |TAMS 0x0000000087600000, 0x0000000087600000| Untracked 
|  29|0x0000000087700000, 0x0000000087700000, 0x0000000087800000|  0%| F|  |TAMS 0x0000000087700000, 0x0000000087700000| Untracked 
|  30|0x0000000087800000, 0x0000000087800000, 0x0000000087900000|  0%| F|  |TAMS 0x0000000087800000, 0x0000000087800000| Untracked 
|  31|0x0000000087900000, 0x0000000087900000, 0x0000000087a00000|  0%| F|  |TAMS 0x0000000087900000, 0x0000000087900000| Untracked 
|  32|0x0000000087a00000, 0x0000000087a00000, 0x0000000087b00000|  0%| F|  |TAMS 0x0000000087a00000, 0x0000000087a00000| Untracked 
|  33|0x0000000087b00000, 0x0000000087b00000, 0x0000000087c00000|  0%| F|  |TAMS 0x0000000087b00000, 0x0000000087b00000| Untracked 
|  34|0x0000000087c00000, 0x0000000087c00000, 0x0000000087d00000|  0%| F|  |TAMS 0x0000000087c00000, 0x0000000087c00000| Untracked 
|  35|0x0000000087d00000, 0x0000000087d00000, 0x0000000087e00000|  0%| F|  |TAMS 0x0000000087d00000, 0x0000000087d00000| Untracked 
|  36|0x0000000087e00000, 0x0000000087e00000, 0x0000000087f00000|  0%| F|  |TAMS 0x0000000087e00000, 0x0000000087e00000| Untracked 
|  37|0x0000000087f00000, 0x0000000087f00000, 0x0000000088000000|  0%| F|  |TAMS 0x0000000087f00000, 0x0000000087f00000| Untracked 
|  38|0x0000000088000000, 0x0000000088000000, 0x0000000088100000|  0%| F|  |TAMS 0x0000000088000000, 0x0000000088000000| Untracked 
|  39|0x0000000088100000, 0x0000000088100000, 0x0000000088200000|  0%| F|  |TAMS 0x0000000088100000, 0x0000000088100000| Untracked 
|  40|0x0000000088200000, 0x0000000088200000, 0x0000000088300000|  0%| F|  |TAMS 0x0000000088200000, 0x0000000088200000| Untracked 
|  41|0x0000000088300000, 0x0000000088300000, 0x0000000088400000|  0%| F|  |TAMS 0x0000000088300000, 0x0000000088300000| Untracked 
|  42|0x0000000088400000, 0x0000000088400000, 0x0000000088500000|  0%| F|  |TAMS 0x0000000088400000, 0x0000000088400000| Untracked 
|  43|0x0000000088500000, 0x0000000088500000, 0x0000000088600000|  0%| F|  |TAMS 0x0000000088500000, 0x0000000088500000| Untracked 
|  44|0x0000000088600000, 0x0000000088600000, 0x0000000088700000|  0%| F|  |TAMS 0x0000000088600000, 0x0000000088600000| Untracked 
|  45|0x0000000088700000, 0x0000000088700000, 0x0000000088800000|  0%| F|  |TAMS 0x0000000088700000, 0x0000000088700000| Untracked 
|  46|0x0000000088800000, 0x0000000088800000, 0x0000000088900000|  0%| F|  |TAMS 0x0000000088800000, 0x0000000088800000| Untracked 
|  47|0x0000000088900000, 0x0000000088900000, 0x0000000088a00000|  0%| F|  |TAMS 0x0000000088900000, 0x0000000088900000| Untracked 
|  48|0x0000000088a00000, 0x0000000088a00000, 0x0000000088b00000|  0%| F|  |TAMS 0x0000000088a00000, 0x0000000088a00000| Untracked 
|  49|0x0000000088b00000, 0x0000000088b00000, 0x0000000088c00000|  0%| F|  |TAMS 0x0000000088b00000, 0x0000000088b00000| Untracked 
|  50|0x0000000088c00000, 0x0000000088c00000, 0x0000000088d00000|  0%| F|  |TAMS 0x0000000088c00000, 0x0000000088c00000| Untracked 
|  51|0x0000000088d00000, 0x0000000088d00000, 0x0000000088e00000|  0%| F|  |TAMS 0x0000000088d00000, 0x0000000088d00000| Untracked 
|  52|0x0000000088e00000, 0x0000000088e00000, 0x0000000088f00000|  0%| F|  |TAMS 0x0000000088e00000, 0x0000000088e00000| Untracked 
|  53|0x0000000088f00000, 0x0000000088f00000, 0x0000000089000000|  0%| F|  |TAMS 0x0000000088f00000, 0x0000000088f00000| Untracked 
|  54|0x0000000089000000, 0x0000000089000000, 0x0000000089100000|  0%| F|  |TAMS 0x0000000089000000, 0x0000000089000000| Untracked 
|  55|0x0000000089100000, 0x0000000089100000, 0x0000000089200000|  0%| F|  |TAMS 0x0000000089100000, 0x0000000089100000| Untracked 
|  56|0x0000000089200000, 0x0000000089200000, 0x0000000089300000|  0%| F|  |TAMS 0x0000000089200000, 0x0000000089200000| Untracked 
|  57|0x0000000089300000, 0x0000000089300000, 0x0000000089400000|  0%| F|  |TAMS 0x0000000089300000, 0x0000000089300000| Untracked 
|  58|0x0000000089400000, 0x0000000089400000, 0x0000000089500000|  0%| F|  |TAMS 0x0000000089400000, 0x0000000089400000| Untracked 
|  59|0x0000000089500000, 0x0000000089500000, 0x0000000089600000|  0%| F|  |TAMS 0x0000000089500000, 0x0000000089500000| Untracked 
|  60|0x0000000089600000, 0x0000000089600000, 0x0000000089700000|  0%| F|  |TAMS 0x0000000089600000, 0x0000000089600000| Untracked 
|  61|0x0000000089700000, 0x0000000089700000, 0x0000000089800000|  0%| F|  |TAMS 0x0000000089700000, 0x0000000089700000| Untracked 
|  62|0x0000000089800000, 0x0000000089800000, 0x0000000089900000|  0%| F|  |TAMS 0x0000000089800000, 0x0000000089800000| Untracked 
|  63|0x0000000089900000, 0x0000000089900000, 0x0000000089a00000|  0%| F|  |TAMS 0x0000000089900000, 0x0000000089900000| Untracked 
|  64|0x0000000089a00000, 0x0000000089a00000, 0x0000000089b00000|  0%| F|  |TAMS 0x0000000089a00000, 0x0000000089a00000| Untracked 
|  65|0x0000000089b00000, 0x0000000089b00000, 0x0000000089c00000|  0%| F|  |TAMS 0x0000000089b00000, 0x0000000089b00000| Untracked 
|  66|0x0000000089c00000, 0x0000000089c00000, 0x0000000089d00000|  0%| F|  |TAMS 0x0000000089c00000, 0x0000000089c00000| Untracked 
|  67|0x0000000089d00000, 0x0000000089d00000, 0x0000000089e00000|  0%| F|  |TAMS 0x0000000089d00000, 0x0000000089d00000| Untracked 
|  68|0x0000000089e00000, 0x0000000089e00000, 0x0000000089f00000|  0%| F|  |TAMS 0x0000000089e00000, 0x0000000089e00000| Untracked 
|  69|0x0000000089f00000, 0x0000000089f00000, 0x000000008a000000|  0%| F|  |TAMS 0x0000000089f00000, 0x0000000089f00000| Untracked 
|  70|0x000000008a000000, 0x000000008a000000, 0x000000008a100000|  0%| F|  |TAMS 0x000000008a000000, 0x000000008a000000| Untracked 
|  71|0x000000008a100000, 0x000000008a100000, 0x000000008a200000|  0%| F|  |TAMS 0x000000008a100000, 0x000000008a100000| Untracked 
|  72|0x000000008a200000, 0x000000008a200000, 0x000000008a300000|  0%| F|  |TAMS 0x000000008a200000, 0x000000008a200000| Untracked 
|  73|0x000000008a300000, 0x000000008a300000, 0x000000008a400000|  0%| F|  |TAMS 0x000000008a300000, 0x000000008a300000| Untracked 
|  74|0x000000008a400000, 0x000000008a400000, 0x000000008a500000|  0%| F|  |TAMS 0x000000008a400000, 0x000000008a400000| Untracked 
|  75|0x000000008a500000, 0x000000008a500000, 0x000000008a600000|  0%| F|  |TAMS 0x000000008a500000, 0x000000008a500000| Untracked 
|  76|0x000000008a600000, 0x000000008a600000, 0x000000008a700000|  0%| F|  |TAMS 0x000000008a600000, 0x000000008a600000| Untracked 
|  77|0x000000008a700000, 0x000000008a700000, 0x000000008a800000|  0%| F|  |TAMS 0x000000008a700000, 0x000000008a700000| Untracked 
|  78|0x000000008a800000, 0x000000008a800000, 0x000000008a900000|  0%| F|  |TAMS 0x000000008a800000, 0x000000008a800000| Untracked 
|  79|0x000000008a900000, 0x000000008a900000, 0x000000008aa00000|  0%| F|  |TAMS 0x000000008a900000, 0x000000008a900000| Untracked 
|  80|0x000000008aa00000, 0x000000008aa00000, 0x000000008ab00000|  0%| F|  |TAMS 0x000000008aa00000, 0x000000008aa00000| Untracked 
|  81|0x000000008ab00000, 0x000000008ab00000, 0x000000008ac00000|  0%| F|  |TAMS 0x000000008ab00000, 0x000000008ab00000| Untracked 
|  82|0x000000008ac00000, 0x000000008ac00000, 0x000000008ad00000|  0%| F|  |TAMS 0x000000008ac00000, 0x000000008ac00000| Untracked 
|  83|0x000000008ad00000, 0x000000008ad00000, 0x000000008ae00000|  0%| F|  |TAMS 0x000000008ad00000, 0x000000008ad00000| Untracked 
|  84|0x000000008ae00000, 0x000000008ae00000, 0x000000008af00000|  0%| F|  |TAMS 0x000000008ae00000, 0x000000008ae00000| Untracked 
|  85|0x000000008af00000, 0x000000008af00000, 0x000000008b000000|  0%| F|  |TAMS 0x000000008af00000, 0x000000008af00000| Untracked 
|  86|0x000000008b000000, 0x000000008b000000, 0x000000008b100000|  0%| F|  |TAMS 0x000000008b000000, 0x000000008b000000| Untracked 
|  87|0x000000008b100000, 0x000000008b100000, 0x000000008b200000|  0%| F|  |TAMS 0x000000008b100000, 0x000000008b100000| Untracked 
|  88|0x000000008b200000, 0x000000008b200000, 0x000000008b300000|  0%| F|  |TAMS 0x000000008b200000, 0x000000008b200000| Untracked 
|  89|0x000000008b300000, 0x000000008b300000, 0x000000008b400000|  0%| F|  |TAMS 0x000000008b300000, 0x000000008b300000| Untracked 
|  90|0x000000008b400000, 0x000000008b400000, 0x000000008b500000|  0%| F|  |TAMS 0x000000008b400000, 0x000000008b400000| Untracked 
|  91|0x000000008b500000, 0x000000008b500000, 0x000000008b600000|  0%| F|  |TAMS 0x000000008b500000, 0x000000008b500000| Untracked 
|  92|0x000000008b600000, 0x000000008b600000, 0x000000008b700000|  0%| F|  |TAMS 0x000000008b600000, 0x000000008b600000| Untracked 
|  93|0x000000008b700000, 0x000000008b700000, 0x000000008b800000|  0%| F|  |TAMS 0x000000008b700000, 0x000000008b700000| Untracked 
|  94|0x000000008b800000, 0x000000008b800000, 0x000000008b900000|  0%| F|  |TAMS 0x000000008b800000, 0x000000008b800000| Untracked 
|  95|0x000000008b900000, 0x000000008b900000, 0x000000008ba00000|  0%| F|  |TAMS 0x000000008b900000, 0x000000008b900000| Untracked 
|  96|0x000000008ba00000, 0x000000008ba00000, 0x000000008bb00000|  0%| F|  |TAMS 0x000000008ba00000, 0x000000008ba00000| Untracked 
|  97|0x000000008bb00000, 0x000000008bb00000, 0x000000008bc00000|  0%| F|  |TAMS 0x000000008bb00000, 0x000000008bb00000| Untracked 
|  98|0x000000008bc00000, 0x000000008bc00000, 0x000000008bd00000|  0%| F|  |TAMS 0x000000008bc00000, 0x000000008bc00000| Untracked 
|  99|0x000000008bd00000, 0x000000008bd00000, 0x000000008be00000|  0%| F|  |TAMS 0x000000008bd00000, 0x000000008bd00000| Untracked 
| 100|0x000000008be00000, 0x000000008be00000, 0x000000008bf00000|  0%| F|  |TAMS 0x000000008be00000, 0x000000008be00000| Untracked 
| 101|0x000000008bf00000, 0x000000008bf00000, 0x000000008c000000|  0%| F|  |TAMS 0x000000008bf00000, 0x000000008bf00000| Untracked 
| 102|0x000000008c000000, 0x000000008c000000, 0x000000008c100000|  0%| F|  |TAMS 0x000000008c000000, 0x000000008c000000| Untracked 
| 103|0x000000008c100000, 0x000000008c100000, 0x000000008c200000|  0%| F|  |TAMS 0x000000008c100000, 0x000000008c100000| Untracked 
| 104|0x000000008c200000, 0x000000008c200000, 0x000000008c300000|  0%| F|  |TAMS 0x000000008c200000, 0x000000008c200000| Untracked 
| 105|0x000000008c300000, 0x000000008c300000, 0x000000008c400000|  0%| F|  |TAMS 0x000000008c300000, 0x000000008c300000| Untracked 
| 106|0x000000008c400000, 0x000000008c400000, 0x000000008c500000|  0%| F|  |TAMS 0x000000008c400000, 0x000000008c400000| Untracked 
| 107|0x000000008c500000, 0x000000008c500000, 0x000000008c600000|  0%| F|  |TAMS 0x000000008c500000, 0x000000008c500000| Untracked 
| 108|0x000000008c600000, 0x000000008c600000, 0x000000008c700000|  0%| F|  |TAMS 0x000000008c600000, 0x000000008c600000| Untracked 
| 109|0x000000008c700000, 0x000000008c700000, 0x000000008c800000|  0%| F|  |TAMS 0x000000008c700000, 0x000000008c700000| Untracked 
| 110|0x000000008c800000, 0x000000008c800000, 0x000000008c900000|  0%| F|  |TAMS 0x000000008c800000, 0x000000008c800000| Untracked 
| 111|0x000000008c900000, 0x000000008c900000, 0x000000008ca00000|  0%| F|  |TAMS 0x000000008c900000, 0x000000008c900000| Untracked 
| 112|0x000000008ca00000, 0x000000008ca00000, 0x000000008cb00000|  0%| F|  |TAMS 0x000000008ca00000, 0x000000008ca00000| Untracked 
| 113|0x000000008cb00000, 0x000000008cb00000, 0x000000008cc00000|  0%| F|  |TAMS 0x000000008cb00000, 0x000000008cb00000| Untracked 
| 114|0x000000008cc00000, 0x000000008cc00000, 0x000000008cd00000|  0%| F|  |TAMS 0x000000008cc00000, 0x000000008cc00000| Untracked 
| 115|0x000000008cd00000, 0x000000008cd00000, 0x000000008ce00000|  0%| F|  |TAMS 0x000000008cd00000, 0x000000008cd00000| Untracked 
| 116|0x000000008ce00000, 0x000000008ce00000, 0x000000008cf00000|  0%| F|  |TAMS 0x000000008ce00000, 0x000000008ce00000| Untracked 
| 117|0x000000008cf00000, 0x000000008cf00000, 0x000000008d000000|  0%| F|  |TAMS 0x000000008cf00000, 0x000000008cf00000| Untracked 
| 118|0x000000008d000000, 0x000000008d0d8078, 0x000000008d100000| 84%| E|  |TAMS 0x000000008d000000, 0x000000008d000000| Complete 
| 119|0x000000008d100000, 0x000000008d200000, 0x000000008d200000|100%| E|CS|TAMS 0x000000008d100000, 0x000000008d100000| Complete 
| 120|0x000000008d200000, 0x000000008d300000, 0x000000008d300000|100%| E|CS|TAMS 0x000000008d200000, 0x000000008d200000| Complete 
| 121|0x000000008d300000, 0x000000008d400000, 0x000000008d400000|100%| E|CS|TAMS 0x000000008d300000, 0x000000008d300000| Complete 
| 122|0x000000008d400000, 0x000000008d500000, 0x000000008d500000|100%| E|CS|TAMS 0x000000008d400000, 0x000000008d400000| Complete 
| 123|0x000000008d500000, 0x000000008d600000, 0x000000008d600000|100%| E|CS|TAMS 0x000000008d500000, 0x000000008d500000| Complete 

Card table byte_map: [0x00007f121ed95000,0x00007f121f168000] _byte_map_base: 0x00007f121e968000

Marking Bits (Prev, Next): (CMBitMap*) 0x00007f121805c378, (CMBitMap*) 0x00007f121805c3b8
 Prev Bits: [0x00007f121cb2a000, 0x00007f121e9c2000)
 Next Bits: [0x00007f11fe901000, 0x00007f1200799000)

Polling page: 0x00007f1221636000

Metaspace:

Usage:
  Non-class:      8,67 MB capacity,     8,57 MB ( 99%) used,    89,53 KB (  1%) free+waste,    10,12 KB ( <1%) overhead. 
      Class:    892,00 KB capacity,   859,26 KB ( 96%) used,    28,55 KB (  3%) free+waste,     4,19 KB ( <1%) overhead. 
       Both:      9,54 MB capacity,     9,41 MB ( 99%) used,   118,09 KB (  1%) free+waste,    14,31 KB ( <1%) overhead. 

Virtual space:
  Non-class space:       10,00 MB reserved,       8,75 MB ( 88%) committed 
      Class space:        1,00 GB reserved,     896,00 KB ( <1%) committed 
             Both:        1,01 GB reserved,       9,62 MB ( <1%) committed 

Chunk freelists:
   Non-Class:  64,00 KB
       Class:  4,00 KB
        Both:  68,00 KB

MaxMetaspaceSize: unlimited
CompressedClassSpaceSize: 1,00 GB

CodeHeap 'non-profiled nmethods': size=120032Kb used=157Kb max_used=157Kb free=119874Kb
 bounds [0x00007f1208261000, 0x00007f12084d1000, 0x00007f120f799000]
CodeHeap 'profiled nmethods': size=120028Kb used=714Kb max_used=714Kb free=119313Kb
 bounds [0x00007f1200d2a000, 0x00007f1200f9a000, 0x00007f1208261000]
CodeHeap 'non-nmethods': size=5700Kb used=1192Kb max_used=1206Kb free=4508Kb
 bounds [0x00007f1200799000, 0x00007f1200a09000, 0x00007f1200d2a000]
 total_blobs=978 nmethods=501 adapters=281
 compilation: enabled
              stopped_count=0, restarted_count=0
 full_count=0

Compilation events (20 events):
Event: 0,462 Thread 0x00007f12181c1800  492       3       sun.invoke.util.VerifyType::isNullConversion (157 bytes)
Event: 0,463 Thread 0x00007f12181c1800 nmethod 492 0x00007f1200dd7710 code [0x00007f1200dd7a20, 0x00007f1200dd8fa8]
Event: 0,463 Thread 0x00007f12181c1800  494       3       jdk.internal.org.objectweb.asm.Frame::getLocal (46 bytes)
Event: 0,463 Thread 0x00007f12181c1800 nmethod 494 0x00007f1200dd9490 code [0x00007f1200dd9640, 0x00007f1200dd9890]
Event: 0,463 Thread 0x00007f12181c1800  495       3       jdk.internal.org.objectweb.asm.ByteVector::put122 (93 bytes)
Event: 0,463 Thread 0x00007f12181bf800  498       4       java.lang.StringUTF16::compress (50 bytes)
Event: 0,463 Thread 0x00007f12181c1800 nmethod 495 0x00007f1200dd9990 code [0x00007f1200dd9b40, 0x00007f1200dd9e28]
Event: 0,463 Thread 0x00007f12181c1800  493       3       java.lang.invoke.MemberName::getInvocationType (56 bytes)
Event: 0,464 Thread 0x00007f12181c1800 nmethod 493 0x00007f1200dda010 code [0x00007f1200dda240, 0x00007f1200ddab28]
Event: 0,464 Thread 0x00007f12181c1800  500       3       org.eclipse.jdt.launching.internal.org.objectweb.asm.SymbolTable::addConstantUtf8Reference (101 bytes)
Event: 0,465 Thread 0x00007f12181c1800 nmethod 500 0x00007f1200ddae10 code [0x00007f1200ddb040, 0x00007f1200ddb718]
Event: 0,465 Thread 0x00007f12181c1800  499       3       org.eclipse.jdt.launching.internal.org.objectweb.asm.ByteVector::put122 (93 bytes)
Event: 0,465 Thread 0x00007f12181c1800 nmethod 499 0x00007f1200ddba90 code [0x00007f1200ddbc40, 0x00007f1200ddbf28]
Event: 0,465 Thread 0x00007f12181c1800  501       3       org.eclipse.jdt.launching.internal.org.objectweb.asm.SymbolTable::addConstantClass (8 bytes)
Event: 0,466 Thread 0x00007f12181c1800 nmethod 501 0x00007f1200ddc110 code [0x00007f1200ddc2c0, 0x00007f1200ddc468]
Event: 0,466 Thread 0x00007f12181c1800  496       3       java.lang.invoke.LambdaForm$NamedFunction::methodType (23 bytes)
Event: 0,466 Thread 0x00007f12181c1800 nmethod 496 0x00007f1200ddc510 code [0x00007f1200ddc6c0, 0x00007f1200ddc948]
Event: 0,466 Thread 0x00007f12181c1800  479       1       java.lang.invoke.MethodTypeForm::basicType (5 bytes)
Event: 0,466 Thread 0x00007f12181c1800 nmethod 479 0x00007f1208287b90 code [0x00007f1208287d20, 0x00007f1208287e30]
Event: 0,471 Thread 0x00007f12181bf800 nmethod 498 0x00007f1208287e90 code [0x00007f1208288020, 0x00007f1208288498]

GC Heap History (0 events):
No events

Deoptimization events (20 events):
Event: 0,388 Thread 0x00007f121801a000 DEOPT PACKING pc=0x00007f1200d9035f sp=0x00007f121fcc4640
Event: 0,388 Thread 0x00007f121801a000 DEOPT UNPACKING pc=0x00007f12007e233a sp=0x00007f121fcc3b28 mode 0
Event: 0,388 Thread 0x00007f121801a000 DEOPT PACKING pc=0x00007f1200d9035f sp=0x00007f121fcc4640
Event: 0,388 Thread 0x00007f121801a000 DEOPT UNPACKING pc=0x00007f12007e233a sp=0x00007f121fcc3b28 mode 0
Event: 0,390 Thread 0x00007f121801a000 DEOPT PACKING pc=0x00007f1200d9035f sp=0x00007f121fcc4640
Event: 0,391 Thread 0x00007f121801a000 DEOPT UNPACKING pc=0x00007f12007e233a sp=0x00007f121fcc3b28 mode 0
Event: 0,392 Thread 0x00007f121801a000 DEOPT PACKING pc=0x00007f1200d9035f sp=0x00007f121fcc5790
Event: 0,392 Thread 0x00007f121801a000 DEOPT UNPACKING pc=0x00007f12007e233a sp=0x00007f121fcc4c78 mode 0
Event: 0,392 Thread 0x00007f121801a000 DEOPT PACKING pc=0x00007f1200d9035f sp=0x00007f121fcc5790
Event: 0,392 Thread 0x00007f121801a000 DEOPT UNPACKING pc=0x00007f12007e233a sp=0x00007f121fcc4c78 mode 0
Event: 0,396 Thread 0x00007f121801a000 DEOPT PACKING pc=0x00007f1200d9035f sp=0x00007f121fcc5710
Event: 0,396 Thread 0x00007f121801a000 DEOPT UNPACKING pc=0x00007f12007e233a sp=0x00007f121fcc4bf8 mode 0
Event: 0,396 Thread 0x00007f121801a000 DEOPT PACKING pc=0x00007f1200d9035f sp=0x00007f121fcc5710
Event: 0,396 Thread 0x00007f121801a000 DEOPT UNPACKING pc=0x00007f12007e233a sp=0x00007f121fcc4bf8 mode 0
Event: 0,397 Thread 0x00007f121801a000 DEOPT PACKING pc=0x00007f1200d9035f sp=0x00007f121fcc57e0
Event: 0,397 Thread 0x00007f121801a000 DEOPT UNPACKING pc=0x00007f12007e233a sp=0x00007f121fcc4cc8 mode 0
Event: 0,400 Thread 0x00007f121801a000 DEOPT PACKING pc=0x00007f1200d9035f sp=0x00007f121fcc4250
Event: 0,400 Thread 0x00007f121801a000 DEOPT UNPACKING pc=0x00007f12007e233a sp=0x00007f121fcc3738 mode 0
Event: 0,400 Thread 0x00007f121801a000 DEOPT PACKING pc=0x00007f1200d9035f sp=0x00007f121fcc4250
Event: 0,400 Thread 0x00007f121801a000 DEOPT UNPACKING pc=0x00007f12007e233a sp=0x00007f121fcc3738 mode 0

Classes unloaded (0 events):
No events

Classes redefined (0 events):
No events

Internal exceptions (2 events):
Event: 0,434 Thread 0x00007f121801a000 Exception <a 'java/lang/ClassNotFoundException'{0x000000008d1f3438}: sun/awt/resources/spi/awtProvider> (0x000000008d1f3438) 
thrown [src/hotspot/share/classfile/systemDictionary.cpp, line 232]
Event: 0,454 Thread 0x00007f121801a000 Exception <a 'java/io/FileNotFoundException'{0x000000008d0611d0}> (0x000000008d0611d0) 
thrown [src/hotspot/share/prims/jni.cpp, line 598]

Events (20 events):
Event: 0,778 Executing VM operation: GetCurrentContendedMonitor
Event: 0,778 Executing VM operation: GetCurrentContendedMonitor done
Event: 0,778 Executing VM operation: GetOwnedMonitorInfo
Event: 0,778 Executing VM operation: GetOwnedMonitorInfo done
Event: 0,779 Executing VM operation: GetCurrentContendedMonitor
Event: 0,779 Executing VM operation: GetCurrentContendedMonitor done
Event: 0,786 Executing VM operation: GetFrameCount
Event: 0,786 Executing VM operation: GetFrameCount done
Event: 0,787 Executing VM operation: GetOwnedMonitorInfo
Event: 0,787 Executing VM operation: GetOwnedMonitorInfo done
Event: 0,788 Executing VM operation: GetCurrentContendedMonitor
Event: 0,788 Executing VM operation: GetCurrentContendedMonitor done
Event: 0,794 Executing VM operation: GetFrameCount
Event: 0,794 Executing VM operation: GetFrameCount done
Event: 0,794 Executing VM operation: GetOwnedMonitorInfo
Event: 0,794 Executing VM operation: GetOwnedMonitorInfo done
Event: 0,795 Executing VM operation: GetCurrentContendedMonitor
Event: 0,795 Executing VM operation: GetCurrentContendedMonitor done
Event: 5,232 Thread 0x00007f11c4001800 Thread exited: 0x00007f11c4001800
Event: 5,232 loading class jdk/internal/misc/Signal$1


Dynamic libraries:
85a00000-8d600000 rw-p 00000000 00:00 0 
8d600000-100000000 ---p 00000000 00:00 0 
100000000-1000e0000 rw-p 00000000 00:00 0 
1000e0000-140000000 ---p 00000000 00:00 0 
55a2ef5ba000-55a2ef5bb000 r--p 00000000 08:02 10489726                   /usr/lib/jvm/java-13-openjdk-amd64/bin/java
55a2ef5bb000-55a2ef5bc000 r-xp 00001000 08:02 10489726                   /usr/lib/jvm/java-13-openjdk-amd64/bin/java
55a2ef5bc000-55a2ef5bd000 r--p 00002000 08:02 10489726                   /usr/lib/jvm/java-13-openjdk-amd64/bin/java
55a2ef5bd000-55a2ef5be000 r--p 00002000 08:02 10489726                   /usr/lib/jvm/java-13-openjdk-amd64/bin/java
55a2ef5be000-55a2ef5bf000 rw-p 00003000 08:02 10489726                   /usr/lib/jvm/java-13-openjdk-amd64/bin/java
55a2f158f000-55a2f15b0000 rw-p 00000000 00:00 0                          [heap]
7f11b0000000-7f11b0021000 rw-p 00000000 00:00 0 
7f11b0021000-7f11b4000000 ---p 00000000 00:00 0 
7f11b4000000-7f11b4021000 rw-p 00000000 00:00 0 
7f11b4021000-7f11b8000000 ---p 00000000 00:00 0 
7f11b8000000-7f11b8021000 rw-p 00000000 00:00 0 
7f11b8021000-7f11bc000000 ---p 00000000 00:00 0 
7f11bc000000-7f11bc021000 rw-p 00000000 00:00 0 
7f11bc021000-7f11c0000000 ---p 00000000 00:00 0 
7f11c0000000-7f11c0021000 rw-p 00000000 00:00 0 
7f11c0021000-7f11c4000000 ---p 00000000 00:00 0 
7f11c4000000-7f11c4021000 rw-p 00000000 00:00 0 
7f11c4021000-7f11c8000000 ---p 00000000 00:00 0 
7f11c8000000-7f11c8138000 rw-p 00000000 00:00 0 
7f11c8138000-7f11cc000000 ---p 00000000 00:00 0 
7f11cc000000-7f11cc021000 rw-p 00000000 00:00 0 
7f11cc021000-7f11d0000000 ---p 00000000 00:00 0 
7f11d0000000-7f11d0021000 rw-p 00000000 00:00 0 
7f11d0021000-7f11d4000000 ---p 00000000 00:00 0 
7f11d4000000-7f11d42d7000 rw-p 00000000 00:00 0 
7f11d42d7000-7f11d8000000 ---p 00000000 00:00 0 
7f11d8000000-7f11d8021000 rw-p 00000000 00:00 0 
7f11d8021000-7f11dc000000 ---p 00000000 00:00 0 
7f11dc000000-7f11dc021000 rw-p 00000000 00:00 0 
7f11dc021000-7f11e0000000 ---p 00000000 00:00 0 
7f11e0000000-7f11e0021000 rw-p 00000000 00:00 0 
7f11e0021000-7f11e4000000 ---p 00000000 00:00 0 
7f11e5d7b000-7f11e5d7f000 r--p 00000000 08:02 9706408                    /usr/lib/x86_64-linux-gnu/libbsd.so.0.10.0
7f11e5d7f000-7f11e5d8e000 r-xp 00004000 08:02 9706408                    /usr/lib/x86_64-linux-gnu/libbsd.so.0.10.0
7f11e5d8e000-7f11e5d91000 r--p 00013000 08:02 9706408                    /usr/lib/x86_64-linux-gnu/libbsd.so.0.10.0
7f11e5d91000-7f11e5d92000 ---p 00016000 08:02 9706408                    /usr/lib/x86_64-linux-gnu/libbsd.so.0.10.0
7f11e5d92000-7f11e5d93000 r--p 00016000 08:02 9706408                    /usr/lib/x86_64-linux-gnu/libbsd.so.0.10.0
7f11e5d93000-7f11e5d94000 rw-p 00017000 08:02 9706408                    /usr/lib/x86_64-linux-gnu/libbsd.so.0.10.0
7f11e5d94000-7f11e5d95000 rw-p 00000000 00:00 0 
7f11e5d95000-7f11e5d97000 r--p 00000000 08:02 9706252                    /usr/lib/x86_64-linux-gnu/libXdmcp.so.6.0.0
7f11e5d97000-7f11e5d99000 r-xp 00002000 08:02 9706252                    /usr/lib/x86_64-linux-gnu/libXdmcp.so.6.0.0
7f11e5d99000-7f11e5d9b000 r--p 00004000 08:02 9706252                    /usr/lib/x86_64-linux-gnu/libXdmcp.so.6.0.0
7f11e5d9b000-7f11e5d9c000 r--p 00005000 08:02 9706252                    /usr/lib/x86_64-linux-gnu/libXdmcp.so.6.0.0
7f11e5d9c000-7f11e5d9d000 rw-p 00006000 08:02 9706252                    /usr/lib/x86_64-linux-gnu/libXdmcp.so.6.0.0
7f11e5d9d000-7f11e5d9e000 r--p 00000000 08:02 9706241                    /usr/lib/x86_64-linux-gnu/libXau.so.6.0.0
7f11e5d9e000-7f11e5da0000 r-xp 00001000 08:02 9706241                    /usr/lib/x86_64-linux-gnu/libXau.so.6.0.0
7f11e5da0000-7f11e5da1000 r--p 00003000 08:02 9706241                    /usr/lib/x86_64-linux-gnu/libXau.so.6.0.0
7f11e5da1000-7f11e5da2000 r--p 00003000 08:02 9706241                    /usr/lib/x86_64-linux-gnu/libXau.so.6.0.0
7f11e5da2000-7f11e5da3000 rw-p 00004000 08:02 9706241                    /usr/lib/x86_64-linux-gnu/libXau.so.6.0.0
7f11e5da3000-7f11e5dae000 r--p 00000000 08:02 9707710                    /usr/lib/x86_64-linux-gnu/libxcb.so.1.1.0
7f11e5dae000-7f11e5dc2000 r-xp 0000b000 08:02 9707710                    /usr/lib/x86_64-linux-gnu/libxcb.so.1.1.0
7f11e5dc2000-7f11e5dcb000 r--p 0001f000 08:02 9707710                    /usr/lib/x86_64-linux-gnu/libxcb.so.1.1.0
7f11e5dcb000-7f11e5dcc000 r--p 00027000 08:02 9707710                    /usr/lib/x86_64-linux-gnu/libxcb.so.1.1.0
7f11e5dcc000-7f11e5dcd000 rw-p 00028000 08:02 9707710                    /usr/lib/x86_64-linux-gnu/libxcb.so.1.1.0
7f11e5dcd000-7f11e5dcf000 r--p 00000000 08:02 9706262                    /usr/lib/x86_64-linux-gnu/libXi.so.6.1.0
7f11e5dcf000-7f11e5dda000 r-xp 00002000 08:02 9706262                    /usr/lib/x86_64-linux-gnu/libXi.so.6.1.0
7f11e5dda000-7f11e5ddd000 r--p 0000d000 08:02 9706262                    /usr/lib/x86_64-linux-gnu/libXi.so.6.1.0
7f11e5ddd000-7f11e5dde000 r--p 0000f000 08:02 9706262                    /usr/lib/x86_64-linux-gnu/libXi.so.6.1.0
7f11e5dde000-7f11e5ddf000 rw-p 00010000 08:02 9706262                    /usr/lib/x86_64-linux-gnu/libXi.so.6.1.0
7f11e5ddf000-7f11e5de4000 r-xp 00000000 08:02 9706280                    /usr/lib/x86_64-linux-gnu/libXtst.so.6.1.0
7f11e5de4000-7f11e5fe3000 ---p 00005000 08:02 9706280                    /usr/lib/x86_64-linux-gnu/libXtst.so.6.1.0
7f11e5fe3000-7f11e5fe4000 r--p 00004000 08:02 9706280                    /usr/lib/x86_64-linux-gnu/libXtst.so.6.1.0
7f11e5fe4000-7f11e5fe5000 rw-p 00005000 08:02 9706280                    /usr/lib/x86_64-linux-gnu/libXtst.so.6.1.0
7f11e5fe5000-7f11e5fee000 r-xp 00000000 08:02 9706274                    /usr/lib/x86_64-linux-gnu/libXrender.so.1.3.0
7f11e5fee000-7f11e61ed000 ---p 00009000 08:02 9706274                    /usr/lib/x86_64-linux-gnu/libXrender.so.1.3.0
7f11e61ed000-7f11e61ee000 r--p 00008000 08:02 9706274                    /usr/lib/x86_64-linux-gnu/libXrender.so.1.3.0
7f11e61ee000-7f11e61ef000 rw-p 00009000 08:02 9706274                    /usr/lib/x86_64-linux-gnu/libXrender.so.1.3.0
7f11e61ef000-7f11e6207000 r--p 00000000 08:02 9706237                    /usr/lib/x86_64-linux-gnu/libX11.so.6.3.0
7f11e6207000-7f11e6292000 r-xp 00018000 08:02 9706237                    /usr/lib/x86_64-linux-gnu/libX11.so.6.3.0
7f11e6292000-7f11e6326000 r--p 000a3000 08:02 9706237                    /usr/lib/x86_64-linux-gnu/libX11.so.6.3.0
7f11e6326000-7f11e6327000 ---p 00137000 08:02 9706237                    /usr/lib/x86_64-linux-gnu/libX11.so.6.3.0
7f11e6327000-7f11e6328000 r--p 00137000 08:02 9706237                    /usr/lib/x86_64-linux-gnu/libX11.so.6.3.0
7f11e6328000-7f11e632c000 rw-p 00138000 08:02 9706237                    /usr/lib/x86_64-linux-gnu/libX11.so.6.3.0
7f11e632c000-7f11e6330000 r--p 00000000 08:02 9706254                    /usr/lib/x86_64-linux-gnu/libXext.so.6.4.0
7f11e6330000-7f11e633b000 r-xp 00004000 08:02 9706254                    /usr/lib/x86_64-linux-gnu/libXext.so.6.4.0
7f11e633b000-7f11e633f000 r--p 0000f000 08:02 9706254                    /usr/lib/x86_64-linux-gnu/libXext.so.6.4.0
7f11e633f000-7f11e6340000 r--p 00012000 08:02 9706254                    /usr/lib/x86_64-linux-gnu/libXext.so.6.4.0
7f11e6340000-7f11e6341000 rw-p 00013000 08:02 9706254                    /usr/lib/x86_64-linux-gnu/libXext.so.6.4.0
7f11e6341000-7f11e636d000 r--p 00000000 08:02 11010811                   /usr/lib/jvm/java-13-openjdk-amd64/lib/libawt.so
7f11e636d000-7f11e63d6000 r-xp 0002c000 08:02 11010811                   /usr/lib/jvm/java-13-openjdk-amd64/lib/libawt.so
7f11e63d6000-7f11e63e2000 r--p 00095000 08:02 11010811                   /usr/lib/jvm/java-13-openjdk-amd64/lib/libawt.so
7f11e63e2000-7f11e63e3000 ---p 000a1000 08:02 11010811                   /usr/lib/jvm/java-13-openjdk-amd64/lib/libawt.so
7f11e63e3000-7f11e63e4000 r--p 000a1000 08:02 11010811                   /usr/lib/jvm/java-13-openjdk-amd64/lib/libawt.so
7f11e63e4000-7f11e63ef000 rw-p 000a2000 08:02 11010811                   /usr/lib/jvm/java-13-openjdk-amd64/lib/libawt.so
7f11e63ef000-7f11e64d4000 rw-p 00000000 00:00 0 
7f11e64d4000-7f11e6614000 ---p 00000000 00:00 0 
7f11e6614000-7f11e6615000 ---p 00000000 00:00 0 
7f11e6615000-7f11e6716000 rw-p 00000000 00:00 0 
7f11e6716000-7f11e671a000 ---p 00000000 00:00 0 
7f11e671a000-7f11e6817000 rw-p 00000000 00:00 0 
7f11e6817000-7f11e681b000 ---p 00000000 00:00 0 
7f11e681b000-7f11e6918000 rw-p 00000000 00:00 0 
7f11e6918000-7f11e691c000 ---p 00000000 00:00 0 
7f11e691c000-7f11e6a19000 rw-p 00000000 00:00 0 
7f11e6a19000-7f11e6a1d000 ---p 00000000 00:00 0 
7f11e6a1d000-7f11e6b1a000 rw-p 00000000 00:00 0 
7f11e6b1a000-7f11e6b1e000 ---p 00000000 00:00 0 
7f11e6b1e000-7f11e6c1b000 rw-p 00000000 00:00 0 
7f11e6c1b000-7f11e6c1f000 ---p 00000000 00:00 0 
7f11e6c1f000-7f11e6d1c000 rw-p 00000000 00:00 0 
7f11e6d1c000-7f11e6d20000 ---p 00000000 00:00 0 
7f11e6d20000-7f11e6e1d000 rw-p 00000000 00:00 0 
7f11e6e1d000-7f11e6e21000 ---p 00000000 00:00 0 
7f11e6e21000-7f11e6f1e000 rw-p 00000000 00:00 0 
7f11e6f1e000-7f11e6f22000 ---p 00000000 00:00 0 
7f11e6f22000-7f11e701f000 rw-p 00000000 00:00 0 
7f11e701f000-7f11e7dfd000 r--p 00000000 08:02 9705732                    /usr/lib/locale/locale-archive
7f11e7dfd000-7f11e7e01000 ---p 00000000 00:00 0 
7f11e7e01000-7f11e7efe000 rw-p 00000000 00:00 0 
7f11e7efe000-7f11e7eff000 ---p 00000000 00:00 0 
7f11e7eff000-7f11e8000000 rw-p 00000000 00:00 0 
7f11e8000000-7f11e8021000 rw-p 00000000 00:00 0 
7f11e8021000-7f11ec000000 ---p 00000000 00:00 0 
7f11ec000000-7f11ec021000 rw-p 00000000 00:00 0 
7f11ec021000-7f11f0000000 ---p 00000000 00:00 0 
7f11f0000000-7f11f0021000 rw-p 00000000 00:00 0 
7f11f0021000-7f11f4000000 ---p 00000000 00:00 0 
7f11f4000000-7f11f4021000 rw-p 00000000 00:00 0 
7f11f4021000-7f11f8000000 ---p 00000000 00:00 0 
7f11f8000000-7f11f8021000 rw-p 00000000 00:00 0 
7f11f8021000-7f11fc000000 ---p 00000000 00:00 0 
7f11fc000000-7f11fc004000 ---p 00000000 00:00 0 
7f11fc004000-7f11feaf1000 rw-p 00000000 00:00 0 
7f11feaf1000-7f1200799000 ---p 00000000 00:00 0 
7f1200799000-7f1200a09000 rwxp 00000000 00:00 0 
7f1200a09000-7f1200d2a000 ---p 00000000 00:00 0 
7f1200d2a000-7f1200f9a000 rwxp 00000000 00:00 0 
7f1200f9a000-7f1208261000 ---p 00000000 00:00 0 
7f1208261000-7f12084d1000 rwxp 00000000 00:00 0 
7f12084d1000-7f120f799000 ---p 00000000 00:00 0 
7f1218000000-7f121847c000 rw-p 00000000 00:00 0 
7f121847c000-7f121c000000 ---p 00000000 00:00 0 
7f121c018000-7f121c028000 r--p 00000000 08:02 11010813                   /usr/lib/jvm/java-13-openjdk-amd64/lib/libawt_xawt.so
7f121c028000-7f121c067000 r-xp 00010000 08:02 11010813                   /usr/lib/jvm/java-13-openjdk-amd64/lib/libawt_xawt.so
7f121c067000-7f121c078000 r--p 0004f000 08:02 11010813                   /usr/lib/jvm/java-13-openjdk-amd64/lib/libawt_xawt.so
7f121c078000-7f121c079000 ---p 00060000 08:02 11010813                   /usr/lib/jvm/java-13-openjdk-amd64/lib/libawt_xawt.so
7f121c079000-7f121c07a000 r--p 00060000 08:02 11010813                   /usr/lib/jvm/java-13-openjdk-amd64/lib/libawt_xawt.so
7f121c07a000-7f121c07d000 rw-p 00061000 08:02 11010813                   /usr/lib/jvm/java-13-openjdk-amd64/lib/libawt_xawt.so
7f121c07d000-7f121c07f000 rw-p 00000000 00:00 0 
7f121c07f000-7f121c083000 r--p 00000000 08:02 11011584                   /usr/lib/jvm/java-13-openjdk-amd64/lib/libnet.so
7f121c083000-7f121c091000 r-xp 00004000 08:02 11011584                   /usr/lib/jvm/java-13-openjdk-amd64/lib/libnet.so
7f121c091000-7f121c095000 r--p 00012000 08:02 11011584                   /usr/lib/jvm/java-13-openjdk-amd64/lib/libnet.so
7f121c095000-7f121c096000 r--p 00015000 08:02 11011584                   /usr/lib/jvm/java-13-openjdk-amd64/lib/libnet.so
7f121c096000-7f121c097000 rw-p 00016000 08:02 11011584                   /usr/lib/jvm/java-13-openjdk-amd64/lib/libnet.so
7f121c097000-7f121c09e000 r--p 00000000 08:02 11011585                   /usr/lib/jvm/java-13-openjdk-amd64/lib/libnio.so
7f121c09e000-7f121c0a7000 r-xp 00007000 08:02 11011585                   /usr/lib/jvm/java-13-openjdk-amd64/lib/libnio.so
7f121c0a7000-7f121c0ab000 r--p 00010000 08:02 11011585                   /usr/lib/jvm/java-13-openjdk-amd64/lib/libnio.so
7f121c0ab000-7f121c0ac000 r--p 00013000 08:02 11011585                   /usr/lib/jvm/java-13-openjdk-amd64/lib/libnio.so
7f121c0ac000-7f121c0ad000 rw-p 00014000 08:02 11011585                   /usr/lib/jvm/java-13-openjdk-amd64/lib/libnio.so
7f121c0ad000-7f121c0af000 r--p 00000000 08:02 11010814                   /usr/lib/jvm/java-13-openjdk-amd64/lib/libdt_socket.so
7f121c0af000-7f121c0b2000 r-xp 00002000 08:02 11010814                   /usr/lib/jvm/java-13-openjdk-amd64/lib/libdt_socket.so
7f121c0b2000-7f121c0b3000 r--p 00005000 08:02 11010814                   /usr/lib/jvm/java-13-openjdk-amd64/lib/libdt_socket.so
7f121c0b3000-7f121c0b4000 ---p 00006000 08:02 11010814                   /usr/lib/jvm/java-13-openjdk-amd64/lib/libdt_socket.so
7f121c0b4000-7f121c0b5000 r--p 00006000 08:02 11010814                   /usr/lib/jvm/java-13-openjdk-amd64/lib/libdt_socket.so
7f121c0b5000-7f121c0b6000 rw-p 00007000 08:02 11010814                   /usr/lib/jvm/java-13-openjdk-amd64/lib/libdt_socket.so
7f121c0b6000-7f121c0bd000 r--s 00000000 08:02 10355916                   /usr/lib/x86_64-linux-gnu/gconv/gconv-modules.cache
7f121c0bd000-7f121c1da000 rw-p 00000000 00:00 0 
7f121c1da000-7f121c1db000 ---p 00000000 00:00 0 
7f121c1db000-7f121c2dc000 rw-p 00000000 00:00 0 
7f121c2dc000-7f121c2dd000 ---p 00000000 00:00 0 
7f121c2dd000-7f121c7e2000 rw-p 00000000 00:00 0 
7f121c7e2000-7f121c7e3000 ---p 00000000 00:00 0 
7f121c7e3000-7f121c8e4000 rw-p 00000000 00:00 0 
7f121c8e4000-7f121c8e5000 ---p 00000000 00:00 0 
7f121c8e5000-7f121c9e6000 rw-p 00000000 00:00 0 
7f121c9e6000-7f121c9e7000 ---p 00000000 00:00 0 
7f121c9e7000-7f121cd1a000 rw-p 00000000 00:00 0 
7f121cd1a000-7f121e9c2000 ---p 00000000 00:00 0 
7f121e9c2000-7f121ea00000 rw-p 00000000 00:00 0 
7f121ea00000-7f121ed95000 ---p 00000000 00:00 0 
7f121ed95000-7f121edd3000 rw-p 00000000 00:00 0 
7f121edd3000-7f121f168000 ---p 00000000 00:00 0 
7f121f168000-7f121f1a6000 rw-p 00000000 00:00 0 
7f121f1a6000-7f121f53b000 ---p 00000000 00:00 0 
7f121f53b000-7f121f944000 rw-p 00000000 00:00 0 
7f121f944000-7f121fa2a000 ---p 00000000 00:00 0 
7f121fa2a000-7f121fa2f000 rw-p 00000000 00:00 0 
7f121fa2f000-7f121fb15000 ---p 00000000 00:00 0 
7f121fb15000-7f121fb1a000 rw-p 00000000 00:00 0 
7f121fb1a000-7f121fb21000 ---p 00000000 00:00 0 
7f121fb21000-7f121fb23000 r--p 00000000 08:02 11010826                   /usr/lib/jvm/java-13-openjdk-amd64/lib/libjimage.so
7f121fb23000-7f121fb26000 r-xp 00002000 08:02 11010826                   /usr/lib/jvm/java-13-openjdk-amd64/lib/libjimage.so
7f121fb26000-7f121fb27000 r--p 00005000 08:02 11010826                   /usr/lib/jvm/java-13-openjdk-amd64/lib/libjimage.so
7f121fb27000-7f121fb28000 ---p 00006000 08:02 11010826                   /usr/lib/jvm/java-13-openjdk-amd64/lib/libjimage.so
7f121fb28000-7f121fb29000 r--p 00006000 08:02 11010826                   /usr/lib/jvm/java-13-openjdk-amd64/lib/libjimage.so
7f121fb29000-7f121fb2a000 rw-p 00007000 08:02 11010826                   /usr/lib/jvm/java-13-openjdk-amd64/lib/libjimage.so
7f121fb2a000-7f121fb2d000 r--p 00000000 08:02 9707174                    /usr/lib/x86_64-linux-gnu/libnss_files-2.31.so
7f121fb2d000-7f121fb34000 r-xp 00003000 08:02 9707174                    /usr/lib/x86_64-linux-gnu/libnss_files-2.31.so
7f121fb34000-7f121fb36000 r--p 0000a000 08:02 9707174                    /usr/lib/x86_64-linux-gnu/libnss_files-2.31.so
7f121fb36000-7f121fb37000 r--p 0000b000 08:02 9707174                    /usr/lib/x86_64-linux-gnu/libnss_files-2.31.so
7f121fb37000-7f121fb38000 rw-p 0000c000 08:02 9707174                    /usr/lib/x86_64-linux-gnu/libnss_files-2.31.so
7f121fb38000-7f121fb3e000 rw-p 00000000 00:00 0 
7f121fb3f000-7f121fb41000 r--s 0000c000 08:02 10489747                   /usr/share/java/java-atk-wrapper.jar
7f121fb41000-7f121fb43000 r--p 00000000 08:02 11011658                   /usr/lib/jvm/java-13-openjdk-amd64/lib/libzip.so
7f121fb43000-7f121fb47000 r-xp 00002000 08:02 11011658                   /usr/lib/jvm/java-13-openjdk-amd64/lib/libzip.so
7f121fb47000-7f121fb49000 r--p 00006000 08:02 11011658                   /usr/lib/jvm/java-13-openjdk-amd64/lib/libzip.so
7f121fb49000-7f121fb4a000 r--p 00007000 08:02 11011658                   /usr/lib/jvm/java-13-openjdk-amd64/lib/libzip.so
7f121fb4a000-7f121fb4b000 rw-p 00008000 08:02 11011658                   /usr/lib/jvm/java-13-openjdk-amd64/lib/libzip.so
7f121fb4b000-7f121fb53000 rw-s 00000000 08:02 2621495                    /tmp/hsperfdata_janek/9492
7f121fb53000-7f121fb55000 r--p 00000000 08:02 11010817                   /usr/lib/jvm/java-13-openjdk-amd64/lib/libinstrument.so
7f121fb55000-7f121fb5b000 r-xp 00002000 08:02 11010817                   /usr/lib/jvm/java-13-openjdk-amd64/lib/libinstrument.so
7f121fb5b000-7f121fb5e000 r--p 00008000 08:02 11010817                   /usr/lib/jvm/java-13-openjdk-amd64/lib/libinstrument.so
7f121fb5e000-7f121fb5f000 r--p 0000a000 08:02 11010817                   /usr/lib/jvm/java-13-openjdk-amd64/lib/libinstrument.so
7f121fb5f000-7f121fb60000 rw-p 0000b000 08:02 11010817                   /usr/lib/jvm/java-13-openjdk-amd64/lib/libinstrument.so
7f121fb60000-7f121fb62000 r--p 00000000 08:02 11010825                   /usr/lib/jvm/java-13-openjdk-amd64/lib/libjdwp.so
7f121fb62000-7f121fb8e000 r-xp 00002000 08:02 11010825                   /usr/lib/jvm/java-13-openjdk-amd64/lib/libjdwp.so
7f121fb8e000-7f121fb9c000 r--p 0002e000 08:02 11010825                   /usr/lib/jvm/java-13-openjdk-amd64/lib/libjdwp.so
7f121fb9c000-7f121fb9d000 r--p 0003b000 08:02 11010825                   /usr/lib/jvm/java-13-openjdk-amd64/lib/libjdwp.so
7f121fb9d000-7f121fb9e000 rw-p 0003c000 08:02 11010825                   /usr/lib/jvm/java-13-openjdk-amd64/lib/libjdwp.so
7f121fb9e000-7f121fbab000 r--p 00000000 08:02 11010822                   /usr/lib/jvm/java-13-openjdk-amd64/lib/libjava.so
7f121fbab000-7f121fbc0000 r-xp 0000d000 08:02 11010822                   /usr/lib/jvm/java-13-openjdk-amd64/lib/libjava.so
7f121fbc0000-7f121fbc6000 r--p 00022000 08:02 11010822                   /usr/lib/jvm/java-13-openjdk-amd64/lib/libjava.so
7f121fbc6000-7f121fbc7000 r--p 00027000 08:02 11010822                   /usr/lib/jvm/java-13-openjdk-amd64/lib/libjava.so
7f121fbc7000-7f121fbc9000 rw-p 00028000 08:02 11010822                   /usr/lib/jvm/java-13-openjdk-amd64/lib/libjava.so
7f121fbc9000-7f121fbcd000 ---p 00000000 00:00 0 
7f121fbcd000-7f121fcca000 rw-p 00000000 00:00 0 
7f121fcca000-7f121fccd000 r--p 00000000 08:02 9706697                    /usr/lib/x86_64-linux-gnu/libgcc_s.so.1
7f121fccd000-7f121fcdf000 r-xp 00003000 08:02 9706697                    /usr/lib/x86_64-linux-gnu/libgcc_s.so.1
7f121fcdf000-7f121fce3000 r--p 00015000 08:02 9706697                    /usr/lib/x86_64-linux-gnu/libgcc_s.so.1
7f121fce3000-7f121fce4000 r--p 00018000 08:02 9706697                    /usr/lib/x86_64-linux-gnu/libgcc_s.so.1
7f121fce4000-7f121fce5000 rw-p 00019000 08:02 9706697                    /usr/lib/x86_64-linux-gnu/libgcc_s.so.1
7f121fce5000-7f121fcf4000 r--p 00000000 08:02 9707050                    /usr/lib/x86_64-linux-gnu/libm-2.31.so
7f121fcf4000-7f121fd9b000 r-xp 0000f000 08:02 9707050                    /usr/lib/x86_64-linux-gnu/libm-2.31.so
7f121fd9b000-7f121fe32000 r--p 000b6000 08:02 9707050                    /usr/lib/x86_64-linux-gnu/libm-2.31.so
7f121fe32000-7f121fe33000 r--p 0014c000 08:02 9707050                    /usr/lib/x86_64-linux-gnu/libm-2.31.so
7f121fe33000-7f121fe34000 rw-p 0014d000 08:02 9707050                    /usr/lib/x86_64-linux-gnu/libm-2.31.so
7f121fe34000-7f121feca000 r--p 00000000 08:02 9707478                    /usr/lib/x86_64-linux-gnu/libstdc++.so.6.0.28
7f121feca000-7f121ffba000 r-xp 00096000 08:02 9707478                    /usr/lib/x86_64-linux-gnu/libstdc++.so.6.0.28
7f121ffba000-7f1220003000 r--p 00186000 08:02 9707478                    /usr/lib/x86_64-linux-gnu/libstdc++.so.6.0.28
7f1220003000-7f1220004000 ---p 001cf000 08:02 9707478                    /usr/lib/x86_64-linux-gnu/libstdc++.so.6.0.28
7f1220004000-7f122000f000 r--p 001cf000 08:02 9707478                    /usr/lib/x86_64-linux-gnu/libstdc++.so.6.0.28
7f122000f000-7f1220012000 rw-p 001da000 08:02 9707478                    /usr/lib/x86_64-linux-gnu/libstdc++.so.6.0.28
7f1220012000-7f1220015000 rw-p 00000000 00:00 0 
7f1220015000-7f1220298000 r--p 00000000 08:02 1971638                    /usr/lib/jvm/java-13-openjdk-amd64/lib/server/libjvm.so
7f1220298000-7f1221000000 r-xp 00283000 08:02 1971638                    /usr/lib/jvm/java-13-openjdk-amd64/lib/server/libjvm.so
7f1221000000-7f1221279000 r--p 00feb000 08:02 1971638                    /usr/lib/jvm/java-13-openjdk-amd64/lib/server/libjvm.so
7f1221279000-7f122127a000 ---p 01264000 08:02 1971638                    /usr/lib/jvm/java-13-openjdk-amd64/lib/server/libjvm.so
7f122127a000-7f122133e000 r--p 01264000 08:02 1971638                    /usr/lib/jvm/java-13-openjdk-amd64/lib/server/libjvm.so
7f122133e000-7f1221379000 rw-p 01328000 08:02 1971638                    /usr/lib/jvm/java-13-openjdk-amd64/lib/server/libjvm.so
7f1221379000-7f12213fe000 rw-p 00000000 00:00 0 
7f12213fe000-7f1221405000 r--p 00000000 08:02 9707315                    /usr/lib/x86_64-linux-gnu/libpthread-2.31.so
7f1221405000-7f1221416000 r-xp 00007000 08:02 9707315                    /usr/lib/x86_64-linux-gnu/libpthread-2.31.so
7f1221416000-7f122141b000 r--p 00018000 08:02 9707315                    /usr/lib/x86_64-linux-gnu/libpthread-2.31.so
7f122141b000-7f122141c000 r--p 0001c000 08:02 9707315                    /usr/lib/x86_64-linux-gnu/libpthread-2.31.so
7f122141c000-7f122141d000 rw-p 0001d000 08:02 9707315                    /usr/lib/x86_64-linux-gnu/libpthread-2.31.so
7f122141d000-7f1221421000 rw-p 00000000 00:00 0 
7f1221421000-7f1221422000 r--p 00000000 08:02 9706547                    /usr/lib/x86_64-linux-gnu/libdl-2.31.so
7f1221422000-7f1221424000 r-xp 00001000 08:02 9706547                    /usr/lib/x86_64-linux-gnu/libdl-2.31.so
7f1221424000-7f1221425000 r--p 00003000 08:02 9706547                    /usr/lib/x86_64-linux-gnu/libdl-2.31.so
7f1221425000-7f1221426000 r--p 00003000 08:02 9706547                    /usr/lib/x86_64-linux-gnu/libdl-2.31.so
7f1221426000-7f1221427000 rw-p 00004000 08:02 9706547                    /usr/lib/x86_64-linux-gnu/libdl-2.31.so
7f1221427000-7f1221429000 r--p 00000000 08:02 9707740                    /usr/lib/x86_64-linux-gnu/libz.so.1.2.11
7f1221429000-7f122143a000 r-xp 00002000 08:02 9707740                    /usr/lib/x86_64-linux-gnu/libz.so.1.2.11
7f122143a000-7f1221440000 r--p 00013000 08:02 9707740                    /usr/lib/x86_64-linux-gnu/libz.so.1.2.11
7f1221440000-7f1221441000 ---p 00019000 08:02 9707740                    /usr/lib/x86_64-linux-gnu/libz.so.1.2.11
7f1221441000-7f1221442000 r--p 00019000 08:02 9707740                    /usr/lib/x86_64-linux-gnu/libz.so.1.2.11
7f1221442000-7f1221443000 rw-p 0001a000 08:02 9707740                    /usr/lib/x86_64-linux-gnu/libz.so.1.2.11
7f1221443000-7f1221468000 r--p 00000000 08:02 9706412                    /usr/lib/x86_64-linux-gnu/libc-2.31.so
7f1221468000-7f12215e0000 r-xp 00025000 08:02 9706412                    /usr/lib/x86_64-linux-gnu/libc-2.31.so
7f12215e0000-7f122162a000 r--p 0019d000 08:02 9706412                    /usr/lib/x86_64-linux-gnu/libc-2.31.so
7f122162a000-7f122162b000 ---p 001e7000 08:02 9706412                    /usr/lib/x86_64-linux-gnu/libc-2.31.so
7f122162b000-7f122162e000 r--p 001e7000 08:02 9706412                    /usr/lib/x86_64-linux-gnu/libc-2.31.so
7f122162e000-7f1221631000 rw-p 001ea000 08:02 9706412                    /usr/lib/x86_64-linux-gnu/libc-2.31.so
7f1221631000-7f1221635000 rw-p 00000000 00:00 0 
7f1221636000-7f1221637000 ---p 00000000 00:00 0 
7f1221637000-7f1221638000 r--p 00000000 00:00 0 
7f1221638000-7f122163d000 r--p 00000000 08:02 11011657                   /usr/lib/jvm/java-13-openjdk-amd64/lib/libverify.so
7f122163d000-7f1221644000 r-xp 00005000 08:02 11011657                   /usr/lib/jvm/java-13-openjdk-amd64/lib/libverify.so
7f1221644000-7f1221646000 r--p 0000c000 08:02 11011657                   /usr/lib/jvm/java-13-openjdk-amd64/lib/libverify.so
7f1221646000-7f1221647000 ---p 0000e000 08:02 11011657                   /usr/lib/jvm/java-13-openjdk-amd64/lib/libverify.so
7f1221647000-7f1221649000 r--p 0000e000 08:02 11011657                   /usr/lib/jvm/java-13-openjdk-amd64/lib/libverify.so
7f1221649000-7f122164a000 rw-p 00010000 08:02 11011657                   /usr/lib/jvm/java-13-openjdk-amd64/lib/libverify.so
7f122164a000-7f122164d000 r--p 00000000 08:02 11011256                   /usr/lib/jvm/java-13-openjdk-amd64/lib/libjli.so
7f122164d000-7f1221657000 r-xp 00003000 08:02 11011256                   /usr/lib/jvm/java-13-openjdk-amd64/lib/libjli.so
7f1221657000-7f122165a000 r--p 0000d000 08:02 11011256                   /usr/lib/jvm/java-13-openjdk-amd64/lib/libjli.so
7f122165a000-7f122165b000 r--p 0000f000 08:02 11011256                   /usr/lib/jvm/java-13-openjdk-amd64/lib/libjli.so
7f122165b000-7f122165c000 rw-p 00010000 08:02 11011256                   /usr/lib/jvm/java-13-openjdk-amd64/lib/libjli.so
7f122165c000-7f122165e000 rw-p 00000000 00:00 0 
7f122165e000-7f122165f000 r--p 00000000 08:02 9706199                    /usr/lib/x86_64-linux-gnu/ld-2.31.so
7f122165f000-7f1221682000 r-xp 00001000 08:02 9706199                    /usr/lib/x86_64-linux-gnu/ld-2.31.so
7f1221682000-7f122168a000 r--p 00024000 08:02 9706199                    /usr/lib/x86_64-linux-gnu/ld-2.31.so
7f122168a000-7f122168b000 ---p 00000000 00:00 0 
7f122168b000-7f122168c000 r--p 0002c000 08:02 9706199                    /usr/lib/x86_64-linux-gnu/ld-2.31.so
7f122168c000-7f122168d000 rw-p 0002d000 08:02 9706199                    /usr/lib/x86_64-linux-gnu/ld-2.31.so
7f122168d000-7f122168e000 rw-p 00000000 00:00 0 
7ffc36e6e000-7ffc36e8f000 rw-p 00000000 00:00 0                          [stack]
7ffc36fc2000-7ffc36fc5000 r--p 00000000 00:00 0                          [vvar]
7ffc36fc5000-7ffc36fc6000 r-xp 00000000 00:00 0                          [vdso]
ffffffffff600000-ffffffffff601000 --xp 00000000 00:00 0                  [vsyscall]


VM Arguments:
jvm_args: -agentlib:jdwp=transport=dt_socket,suspend=y,address=localhost:39613 -javaagent:/home/janek/.eclipse/360744286_linux_gtk_x86_64/configuration/org.eclipse.osgi/222/0/.cp/lib/javaagent-shaded.jar -Dfile.encoding=UTF-8 
java_command: core.Main
java_class_path (initial): /home/janek/git/GUInness/bin
Launcher Type: SUN_STANDARD

[Global flags]
     intx CICompilerCount                          = 3                                         {product} {ergonomic}
     uint ConcGCThreads                            = 1                                         {product} {ergonomic}
     uint G1ConcRefinementThreads                  = 4                                         {product} {ergonomic}
   size_t G1HeapRegionSize                         = 1048576                                   {product} {ergonomic}
    uintx GCDrainStackTargetSize                   = 64                                        {product} {ergonomic}
   size_t InitialHeapSize                          = 130023424                                 {product} {ergonomic}
   size_t MarkStackSize                            = 4194304                                   {product} {ergonomic}
   size_t MaxHeapSize                              = 2053111808                                {product} {ergonomic}
   size_t MaxNewSize                               = 1231028224                                {product} {ergonomic}
   size_t MinHeapDeltaBytes                        = 1048576                                   {product} {ergonomic}
   size_t MinHeapSize                              = 8388608                                   {product} {ergonomic}
    uintx NonNMethodCodeHeapSize                   = 5832780                                {pd product} {ergonomic}
    uintx NonProfiledCodeHeapSize                  = 122912730                              {pd product} {ergonomic}
    uintx ProfiledCodeHeapSize                     = 122912730                              {pd product} {ergonomic}
    uintx ReservedCodeCacheSize                    = 251658240                              {pd product} {ergonomic}
     bool SegmentedCodeCache                       = true                                      {product} {ergonomic}
   size_t SoftMaxHeapSize                          = 2053111808                             {manageable} {ergonomic}
     bool UseCompressedClassPointers               = true                                 {lp64_product} {ergonomic}
     bool UseCompressedOops                        = true                                 {lp64_product} {ergonomic}
     bool UseG1GC                                  = true                                      {product} {ergonomic}

Logging:
Log output configuration:
 #0: stdout all=warning uptime,level,tags
 #1: stderr all=off uptime,level,tags

Environment Variables:
PATH=/usr/local/sbin:/usr/local/bin:/usr/sbin:/usr/bin:/sbin:/bin:/usr/games:/usr/local/games:/snap/bin
USERNAME=janek
SHELL=/bin/bash
DISPLAY=:1

Signal Handlers:
SIGSEGV: [libjvm.so+0xf76df0], sa_mask[0]=11111111011111111101111111111110, sa_flags=SA_RESTART|SA_SIGINFO
SIGBUS: [libjvm.so+0xf76df0], sa_mask[0]=11111111011111111101111111111110, sa_flags=SA_RESTART|SA_SIGINFO
SIGFPE: [libjvm.so+0xf76df0], sa_mask[0]=11111111011111111101111111111110, sa_flags=SA_RESTART|SA_SIGINFO
SIGPIPE: [libjvm.so+0xc28860], sa_mask[0]=11111111011111111101111111111110, sa_flags=SA_RESTART|SA_SIGINFO
SIGXFSZ: [libjvm.so+0xc28860], sa_mask[0]=11111111011111111101111111111110, sa_flags=SA_RESTART|SA_SIGINFO
SIGILL: [libjvm.so+0xf76df0], sa_mask[0]=11111111011111111101111111111110, sa_flags=SA_RESTART|SA_SIGINFO
SIGUSR2: [libjvm.so+0xc28700], sa_mask[0]=00100000000000000000000000000000, sa_flags=SA_RESTART|SA_SIGINFO
SIGHUP: [libjvm.so+0xc28e40], sa_mask[0]=11111111011111111101111111111110, sa_flags=SA_RESTART|SA_SIGINFO
SIGINT: [libjvm.so+0xc28e40], sa_mask[0]=11111111011111111101111111111110, sa_flags=SA_RESTART|SA_SIGINFO
SIGTERM: [libjvm.so+0xc28e40], sa_mask[0]=11111111011111111101111111111110, sa_flags=SA_RESTART|SA_SIGINFO
SIGQUIT: [libjvm.so+0xc28e40], sa_mask[0]=11111111011111111101111111111110, sa_flags=SA_RESTART|SA_SIGINFO


---------------  S Y S T E M  ---------------

OS:DISTRIB_ID=Ubuntu
DISTRIB_RELEASE=20.04
DISTRIB_CODENAME=focal
DISTRIB_DESCRIPTION="Ubuntu 20.04.1 LTS"
uname:Linux 5.4.0-42-generic #46-Ubuntu SMP Fri Jul 10 00:24:02 UTC 2020 x86_64
libc:glibc 2.31 NPTL 2.31 
rlimit: STACK 8192k, CORE 0k, NPROC 31096, NOFILE 1048576, AS infinity, DATA infinity, FSIZE infinity
load average:3,41 3,06 2,17

/proc/meminfo:
MemTotal:        8017116 kB
MemFree:          143704 kB
MemAvailable:    4257148 kB
Buffers:         3602908 kB
Cached:          1039312 kB
SwapCached:          608 kB
Active:          2625944 kB
Inactive:        4630960 kB
Active(anon):    2258268 kB
Inactive(anon):   797460 kB
Active(file):     367676 kB
Inactive(file):  3833500 kB
Unevictable:      129388 kB
Mlocked:              80 kB
SwapTotal:       1999868 kB
SwapFree:        1875440 kB
Dirty:               212 kB
Writeback:             0 kB
AnonPages:       2744012 kB
Mapped:           507776 kB
Shmem:            442484 kB
KReclaimable:     220964 kB
Slab:             347596 kB
SReclaimable:     220964 kB
SUnreclaim:       126632 kB
KernelStack:       15248 kB
PageTables:        33016 kB
NFS_Unstable:          0 kB
Bounce:                0 kB
WritebackTmp:          0 kB
CommitLimit:     6008424 kB
Committed_AS:    9127732 kB
VmallocTotal:   34359738367 kB
VmallocUsed:       54864 kB
VmallocChunk:          0 kB
Percpu:             3680 kB
HardwareCorrupted:     0 kB
AnonHugePages:         0 kB
ShmemHugePages:        0 kB
ShmemPmdMapped:        0 kB
FileHugePages:         0 kB
FilePmdMapped:         0 kB
CmaTotal:              0 kB
CmaFree:               0 kB
HugePages_Total:       0
HugePages_Free:        0
HugePages_Rsvd:        0
HugePages_Surp:        0
Hugepagesize:       2048 kB
Hugetlb:               0 kB
DirectMap4k:      375412 kB
DirectMap2M:     7878656 kB
DirectMap1G:           0 kB


/proc/sys/kernel/threads-max (system-wide limit on the number of threads):
62193


/proc/sys/vm/max_map_count (maximum number of memory map areas a process may have):
65530


/proc/sys/kernel/pid_max (system-wide limit on number of process identifiers):
4194304



container (cgroup) information:
container_type: cgroupv1
cpu_cpuset_cpus: 0-3
cpu_memory_nodes: 0
active_processor_count: 4
cpu_quota: no quota
cpu_period: 100000
cpu_shares: no shares
memory_limit_in_bytes: unlimited
memory_and_swap_limit_in_bytes: not supported
memory_soft_limit_in_bytes: unlimited
memory_usage_in_bytes: 3243556864
memory_max_usage_in_bytes: 3945877504

Steal ticks since vm start: 0
Steal ticks percentage since vm start:  0,000

CPU:total 4 (initial active 4) (2 cores per cpu, 2 threads per core) family 6 model 142 stepping 9, cmov, cx8, fxsr, mmx, sse, sse2, sse3, ssse3, sse4.1, sse4.2, popcnt, avx, avx2, aes, clmul, erms, 3dnowpref, lzcnt, ht, tsc, tscinvbit, bmi1, bmi2, adx, fma
CPU Model and flags from /proc/cpuinfo:
model name	: Intel(R) Core(TM) i5-7200U CPU @ 2.50GHz
flags		: fpu vme de pse tsc msr pae mce cx8 apic sep mtrr pge mca cmov pat pse36 clflush dts acpi mmx fxsr sse sse2 ss ht tm pbe syscall nx pdpe1gb rdtscp lm constant_tsc art arch_perfmon pebs bts rep_good nopl xtopology nonstop_tsc cpuid aperfmperf pni pclmulqdq dtes64 monitor ds_cpl vmx est tm2 ssse3 sdbg fma cx16 xtpr pdcm pcid sse4_1 sse4_2 x2apic movbe popcnt tsc_deadline_timer aes xsave avx f16c rdrand lahf_lm abm 3dnowprefetch cpuid_fault epb invpcid_single pti ssbd ibrs ibpb stibp tpr_shadow vnmi flexpriority ept vpid ept_ad fsgsbase tsc_adjust bmi1 avx2 smep bmi2 erms invpcid mpx rdseed adx smap clflushopt intel_pt xsaveopt xsavec xgetbv1 xsaves dtherm ida arat pln pts hwp hwp_notify hwp_act_window hwp_epp md_clear flush_l1d

Memory: 4k page, physical 8017116k(143704k free), swap 1999868k(1875440k free)

vm_info: OpenJDK 64-Bit Server VM (13.0.3+3-Ubuntu-1ubuntu2) for linux-amd64 JRE (13.0.3+3-Ubuntu-1ubuntu2), built on Apr 18 2020 12:23:20 by "unknown" with gcc 9.3.0

END.
